Attempting to parse 3-09.mscx
MC 1 is longer 2 than its nominal duration 1.
MC 2 is longer 2 than its nominal duration 1.
MC 3 is longer 2 than its nominal duration 1.
MC 4 is longer 2 than its nominal duration 1.
MC 5 is longer 2 than its nominal duration 1.
MC 6 is longer 2 than its nominal duration 1.
MC 7 is longer 2 than its nominal duration 1.
MC 8 is longer 2 than its nominal duration 1.
MC 9 is longer 2 than its nominal duration 1.
MC 10 is longer 2 than its nominal duration 1.
MC 11 is longer 2 than its nominal duration 1.
MC 12 is longer 2 than its nominal duration 1.
MC 13 is longer 2 than its nominal duration 1.
MC 14 is longer 2 than its nominal duration 1.
MC 15 is longer 2 than its nominal duration 1.
MC 16 is longer 2 than its nominal duration 1.
MC 17 is longer 2 than its nominal duration 1.
MC 18 is longer 2 than its nominal duration 1.
MC 19 is longer 2 than its nominal duration 1.
MC 20 is longer 2 than its nominal duration 1.
MC 21 is longer 2 than its nominal duration 1.
MC 22 is longer 2 than its nominal duration 1.
MC 23 is longer 2 than its nominal duration 1.
MC 24 is longer 2 than its nominal duration 1.
MC 25 is longer 2 than its nominal duration 1.
MC 26 is longer 2 than its nominal duration 1.
MC 27 is longer 2 than its nominal duration 1.
MC 28 is longer 2 than its nominal duration 1.
MC 29 is longer 2 than its nominal duration 1.
MC 30 is longer 2 than its nominal duration 1.
MC 31 is longer 2 than its nominal duration 1.
MC 32 is longer 2 than its nominal duration 1.
MC 33 is longer 2 than its nominal duration 1.
MC 34 is longer 2 than its nominal duration 1.
MC 35 is longer 2 than its nominal duration 1.
MC 36 is longer 2 than its nominal duration 1.
MC 37 is longer 2 than its nominal duration 1.
MC 38 is longer 2 than its nominal duration 1.
MC 39 is longer 2 than its nominal duration 1.
MC 40 is longer 2 than its nominal duration 1.
MC 41 is longer 2 than its nominal duration 1.
MC 42 is longer 2 than its nominal duration 1.
MC 43 is longer 2 than its nominal duration 1.
MC 44 is longer 2 than its nominal duration 1.
MC 45 is longer 2 than its nominal duration 1.
MC 46 is longer 2 than its nominal duration 1.
MC 47 is longer 2 than its nominal duration 1.
MC 48 is longer 2 than its nominal duration 1.
MC 49 is longer 2 than its nominal duration 1.
MC 50 is longer 2 than its nominal duration 1.
MC 51 is longer 2 than its nominal duration 1.
MC 52 is longer 2 than its nominal duration 1.
MC 53 is longer 2 than its nominal duration 1.
MC 54 is longer 2 than its nominal duration 1.
MC 55 is longer 2 than its nominal duration 1.
MC 56 is longer 2 than its nominal duration 1.
MC 57 is longer 2 than its nominal duration 1.
MC 58 is longer 2 than its nominal duration 1.
MC 59 is longer 2 than its nominal duration 1.
MC 60 is longer 2 than its nominal duration 1.
MC 61 is longer 2 than its nominal duration 1.
MC 62 is longer 2 than its nominal duration 1.
MC 63 is longer 2 than its nominal duration 1.
MC 64 is longer 2 than its nominal duration 1.
MC 65 is longer 2 than its nominal duration 1.
MC 66 is longer 2 than its nominal duration 1.
MC 67 is longer 2 than its nominal duration 1.
MC 68 is longer 2 than its nominal duration 1.
MC 69 is longer 2 than its nominal duration 1.
MC 70 is longer 2 than its nominal duration 1.
MC 71 is longer 2 than its nominal duration 1.
MC 72 is longer 2 than its nominal duration 1.
MC 73 is longer 2 than its nominal duration 1.
MC 74 is longer 2 than its nominal duration 1.
MC 75 is longer 2 than its nominal duration 1.
MC 76 is longer 2 than its nominal duration 1.
MC 77 is longer 2 than its nominal duration 1.
MC 78 is longer 2 than its nominal duration 1.
MC 79 is longer 2 than its nominal duration 1.
MC 80 is longer 2 than its nominal duration 1.
MC 81 is longer 2 than its nominal duration 1.
MC 82 is longer 2 than its nominal duration 1.
MC 83 is longer 2 than its nominal duration 1.
MC 84 is longer 4 than its nominal duration 1.
Done parsing 3-09.mscx

Failed to expand labels due to syntactic errors:
repl_spec() missing 1 required positional argument: 'special'
