Warnings encountered during the last execution of ms3 review (v1.2.4)
=====================================================================

Chord labels where the ratio of colored notes vs. all notes in a segment lies above 0.6:
                                                      mc   mn mc_onset      label       chord_tones added_tones  n_colored  n_untouched  count_ratio
monteverdi_madrigals MS3/5-01.mscx                    22   22      1/2  viio6(42)        (4, -1, 0)          ()          1            0     1.000000
                     MS3/5-04d.mscx                   13   13      3/8       vio6      (-6, -9, -3)          ()          3            0     1.000000
                     MS3/5-05c.mscx                   10   10      1/2     IV6(9)         (5, 2, 1)        (3,)          2            1     0.666667
                     MS3/5-07.mscx                    13   13      3/8       vio6      (-6, -9, -3)          ()          3            0     1.000000
                     MS3/5-09.mscx                     8    8        0        vi7  (-2, -5, -1, -4)          ()          4            0     1.000000
                     MS3/5-09.mscx                     8    8      1/4       vi%7  (-2, -5, -8, -4)          ()          5            0     1.000000
                     MS3/5-11.mscx                    10   10      1/2     IV6(9)         (5, 2, 1)        (3,)          2            1     0.666667
                     MS3/5-14.mscx                    66   66        0        ii6         (2, 6, 5)          ()          8            2     0.800000
                     MS3/5-14.mscx                    88   88      1/4       vio6      (-5, -8, -2)          ()          3            0     1.000000
                     MS3/5-15.mscx                     8    8        0        vi7  (-2, -5, -1, -4)          ()          4            0     1.000000
                     MS3/5-15.mscx                     8    8      1/4       vi%7  (-2, -5, -8, -4)          ()          5            0     1.000000
                     MS3/5-17.mscx                    16   16      1/4       iii6       (-4, 0, -1)          ()          3            0     1.000000
                     MS3/8-19.mscx                    71   71      1/4         V6         (9, 6, 5)          ()          2            0     1.000000
                     MS3/8-19.mscx                    77   77      3/4         V6         (9, 6, 5)          ()          2            0     1.000000
                     MS3/8-19.mscx                   125  125        0      V6(4)         (0, 2, 1)          ()          3            1     0.750000
                     MS3/8-19.mscx                   125  125      1/2         V6         (5, 2, 1)          ()          2            1     0.666667
                     MS3/8-19.mscx                   126  126        0        i\\        (0, -3, 1)          ()          2            1     0.666667
                     MS3/8-19.mscx                   132  132        0      V6(4)         (0, 2, 1)          ()          3            0     1.000000
                     MS3/8-19.mscx                   132  132      3/4         V6         (5, 2, 1)          ()          2            1     0.666667
                     MS3/8-19.mscx                   132  132        1        i\\        (0, -3, 1)          ()          5            0     1.000000
                     MS3/8-19.mscx                   133  133        0          I         (0, 4, 1)          ()          4            0     1.000000
                     MS3/laudate_pueri_dominum.mscx  114  114      1/2         iv      (-3, -6, -2)          ()          7            1     0.875000
